2020-04-19 12:33:23.185 [main] DEBUG com.tyron.o2o.dao.LocalAuthDao.insertLocalAuth -==>  Preparing: INSERT INTO tb_local_auth(username,password,create_time,last_edit_time) VALUES (?,?,?,?) 
2020-04-19 12:33:23.232 [main] DEBUG com.tyron.o2o.dao.LocalAuthDao.insertLocalAuth -==> Parameters: root(String), 123456(String), 2020-04-19 12:33:22.687(Timestamp), null
2020-04-19 12:34:20.706 [main] DEBUG c.tyron.o2o.dao.LocalAuthDao.queryLocalByUsernameAndPwd -==>  Preparing: SELECT l.local_auth_id, l.username, l.password, l.create_time, l.last_edit_time, p.user_id, p.name, p.gender, p.email, p.user_type, p.create_time, p.last_edit_time, p.enable_status FROM tb_local_auth l LEFT JOIN tb_person_info p ON l.local_auth_id = p.local_auth_id WHERE l.username = ? AND l.password = ? 
2020-04-19 12:34:20.746 [main] DEBUG c.tyron.o2o.dao.LocalAuthDao.queryLocalByUsernameAndPwd -==> Parameters: root(String), 123456(String)
2020-04-19 12:34:20.869 [main] DEBUG com.tyron.o2o.dao.LocalAuthDao.updateLocalAuth -==>  Preparing: update tb_local_auth SET password=?, last_edit_time=? where username=? AND password=? 
2020-04-19 12:34:20.871 [main] DEBUG com.tyron.o2o.dao.LocalAuthDao.updateLocalAuth -==> Parameters: 654321(String), 2020-04-19 12:34:20.822(Timestamp), root(String), 123456(String)
2020-04-19 12:34:20.886 [main] DEBUG com.tyron.o2o.dao.LocalAuthDao.queryLocalByLocalAuthId -==>  Preparing: SELECT l.local_auth_id, l.username, l.password, l.create_time, l.last_edit_time, p.user_id, p.local_auth_id, p.name, p.gender, p.email, p.user_type, p.create_time, p.last_edit_time, p.enable_status FROM tb_local_auth l LEFT JOIN tb_person_info p ON l.local_auth_id = p.local_auth_id WHERE l.local_auth_id = ? 
2020-04-19 12:34:20.887 [main] DEBUG com.tyron.o2o.dao.LocalAuthDao.queryLocalByLocalAuthId -==> Parameters: 1(Long)
2020-04-19 12:34:20.899 [main] DEBUG com.tyron.o2o.dao.LocalAuthDao.insertLocalAuth -==>  Preparing: INSERT INTO tb_local_auth(username,password,create_time,last_edit_time) VALUES (?,?,?,?) 
2020-04-19 12:34:20.901 [main] DEBUG com.tyron.o2o.dao.LocalAuthDao.insertLocalAuth -==> Parameters: root(String), 123456(String), 2020-04-19 12:34:20.898(Timestamp), null
2020-04-19 12:35:57.425 [main] DEBUG com.tyron.o2o.dao.LocalAuthDao.insertLocalAuth -==>  Preparing: INSERT INTO tb_local_auth(username,password,create_time,last_edit_time) VALUES (?,?,?,?) 
2020-04-19 12:35:57.466 [main] DEBUG com.tyron.o2o.dao.LocalAuthDao.insertLocalAuth -==> Parameters: root(String), 123456(String), 2020-04-19 12:35:57.074(Timestamp), null
2020-04-19 12:38:10.796 [main] DEBUG com.tyron.o2o.dao.LocalAuthDao.insertLocalAuth -==>  Preparing: INSERT INTO tb_local_auth(username,password,create_time,last_edit_time) VALUES (?,?,?,?) 
2020-04-19 12:38:10.843 [main] DEBUG com.tyron.o2o.dao.LocalAuthDao.insertLocalAuth -==> Parameters: root(String), 123456(String), 2020-04-19 12:38:10.417(Timestamp), null
2020-04-19 12:39:16.113 [main] DEBUG com.tyron.o2o.dao.LocalAuthDao.insertLocalAuth -==>  Preparing: INSERT INTO tb_local_auth(username,password,create_time,last_edit_time) VALUES (?,?,?,?) 
2020-04-19 12:39:16.148 [main] DEBUG com.tyron.o2o.dao.LocalAuthDao.insertLocalAuth -==> Parameters: root(String), 123456(String), 2020-04-19 12:39:15.738(Timestamp), null
2020-04-19 12:41:24.876 [main] DEBUG com.tyron.o2o.dao.LocalAuthDao.insertLocalAuth -==>  Preparing: INSERT INTO tb_local_auth(user_name,password,create_time,last_edit_time) VALUES (?,?,?,?) 
2020-04-19 12:41:24.926 [main] DEBUG com.tyron.o2o.dao.LocalAuthDao.insertLocalAuth -==> Parameters: root(String), 123456(String), 2020-04-19 12:41:24.508(Timestamp), null
2020-04-19 12:41:24.942 [main] DEBUG com.tyron.o2o.dao.LocalAuthDao.insertLocalAuth -<==    Updates: 1
2020-04-19 12:42:24.929 [main] DEBUG c.tyron.o2o.dao.LocalAuthDao.queryLocalByUsernameAndPwd -==>  Preparing: SELECT l.local_auth_id, l.user_name, l.password, l.create_time, l.last_edit_time, p.user_id, p.name, p.gender, p.email, p.user_type, p.create_time, p.last_edit_time, p.enable_status FROM tb_local_auth l LEFT JOIN tb_person_info p ON l.local_auth_id = p.local_auth_id WHERE l.username = ? AND l.password = ? 
2020-04-19 12:42:24.961 [main] DEBUG c.tyron.o2o.dao.LocalAuthDao.queryLocalByUsernameAndPwd -==> Parameters: root(String), 123456(String)
2020-04-19 12:49:40.956 [main] DEBUG c.tyron.o2o.dao.LocalAuthDao.queryLocalByUsernameAndPwd -==>  Preparing: SELECT l.local_auth_id, l.user_name, l.password, l.create_time, l.last_edit_time, p.user_id, p.name, p.gender, p.email, # p.user_type, p.create_time, p.last_edit_time, p.enable_status FROM tb_local_auth l LEFT JOIN tb_person_info p ON l.local_auth_id = p.local_auth_id WHERE l.username = ? AND l.password = ? 
2020-04-19 12:49:40.983 [main] DEBUG c.tyron.o2o.dao.LocalAuthDao.queryLocalByUsernameAndPwd -==> Parameters: root(String), 123456(String)
2020-04-19 12:52:44.736 [main] DEBUG com.tyron.o2o.dao.LocalAuthDao.updateLocalAuth -==>  Preparing: update tb_local_auth SET password=?, last_edit_time=? where username=? AND password=? 
2020-04-19 12:52:44.768 [main] DEBUG com.tyron.o2o.dao.LocalAuthDao.updateLocalAuth -==> Parameters: 654321(String), 2020-04-19 12:52:44.362(Timestamp), root(String), 123456(String)
2020-04-19 12:53:30.674 [main] DEBUG com.tyron.o2o.dao.LocalAuthDao.updateLocalAuth -==>  Preparing: update tb_local_auth SET password=?, last_edit_time=? where user_name=? AND password=? 
2020-04-19 12:53:30.713 [main] DEBUG com.tyron.o2o.dao.LocalAuthDao.updateLocalAuth -==> Parameters: 654321(String), 2020-04-19 12:53:30.297(Timestamp), root(String), 123456(String)
2020-04-19 12:53:30.726 [main] DEBUG com.tyron.o2o.dao.LocalAuthDao.updateLocalAuth -<==    Updates: 1
2020-04-19 12:55:02.929 [main] DEBUG com.tyron.o2o.dao.LocalAuthDao.queryLocalByLocalAuthId -==>  Preparing: SELECT l.local_auth_id, l.user_name, l.password, l.create_time, l.last_edit_time, p.user_id, p.local_auth_id, p.name, p.gender, p.email, # p.user_type, p.create_time, p.last_edit_time, p.enable_status FROM tb_local_auth l LEFT JOIN tb_person_info p ON l.local_auth_id = p.local_auth_id WHERE l.local_auth_id = ? 
2020-04-19 12:55:02.958 [main] DEBUG com.tyron.o2o.dao.LocalAuthDao.queryLocalByLocalAuthId -==> Parameters: 1(Long)
2020-04-19 13:10:12.186 [main] DEBUG com.tyron.o2o.dao.LocalAuthDao.insertLocalAuth -==>  Preparing: INSERT INTO tb_local_auth(username,password,create_time,last_edit_time) VALUES (?,?,?,?) 
2020-04-19 13:10:12.227 [main] DEBUG com.tyron.o2o.dao.LocalAuthDao.insertLocalAuth -==> Parameters: root(String), 123456(String), 2020-04-19 13:10:11.759(Timestamp), null
2020-04-19 13:10:43.627 [main] DEBUG com.tyron.o2o.dao.LocalAuthDao.insertLocalAuth -==>  Preparing: INSERT INTO tb_local_auth(username,password,create_time,last_edit_time) VALUES (?,?,?,?) 
2020-04-19 13:10:43.664 [main] DEBUG com.tyron.o2o.dao.LocalAuthDao.insertLocalAuth -==> Parameters: root(String), 123456(String), 2020-04-19 13:10:43.283(Timestamp), null
2020-04-19 13:16:41.415 [main] DEBUG com.tyron.o2o.dao.LocalAuthDao.insertLocalAuth -==>  Preparing: INSERT INTO tb_local_auth(username,password,create_time,last_edit_time) VALUES (?,?,?,?) 
2020-04-19 13:16:41.454 [main] DEBUG com.tyron.o2o.dao.LocalAuthDao.insertLocalAuth -==> Parameters: root(String), 123456(String), 2020-04-19 13:16:41.021(Timestamp), null
2020-04-19 13:22:40.666 [main] DEBUG com.tyron.o2o.dao.LocalAuthDao.insertLocalAuth -==>  Preparing: INSERT INTO tb_local_auth(username,password,create_time,last_edit_time) VALUES (?,?,?,?) 
2020-04-19 13:22:40.704 [main] DEBUG com.tyron.o2o.dao.LocalAuthDao.insertLocalAuth -==> Parameters: root(String), 123456(String), 2020-04-19 13:22:40.311(Timestamp), null
2020-04-19 13:23:03.546 [main] DEBUG com.tyron.o2o.dao.LocalAuthDao.insertLocalAuth -==>  Preparing: INSERT INTO tb_local_auth(username,password,create_time,last_edit_time) VALUES (?,?,?,?) 
2020-04-19 13:23:03.586 [main] DEBUG com.tyron.o2o.dao.LocalAuthDao.insertLocalAuth -==> Parameters: root(String), 123456(String), 2020-04-19 13:23:03.201(Timestamp), null
2020-04-19 13:23:03.595 [main] DEBUG com.tyron.o2o.dao.LocalAuthDao.insertLocalAuth -<==    Updates: 1
2020-04-19 13:24:26.822 [main] DEBUG c.tyron.o2o.dao.LocalAuthDao.queryLocalByUsernameAndPwd -==>  Preparing: SELECT l.local_auth_id, l.user_name, l.password, l.create_time, l.last_edit_time, p.user_id, p.name, p.gender, p.email, p.user_type, p.create_time, p.last_edit_time, p.enable_status FROM tb_local_auth l LEFT JOIN tb_person_info p ON l.local_auth_id = p.local_auth_id WHERE l.username = ? AND l.password = ? 
2020-04-19 13:24:26.858 [main] DEBUG c.tyron.o2o.dao.LocalAuthDao.queryLocalByUsernameAndPwd -==> Parameters: root(String), 123456(String)
2020-04-19 13:26:07.598 [main] DEBUG c.tyron.o2o.dao.LocalAuthDao.queryLocalByUsernameAndPwd -==>  Preparing: SELECT l.local_auth_id, l.username, l.password, l.create_time, l.last_edit_time, p.user_id, p.name, p.gender, p.email, p.user_type, p.create_time, p.last_edit_time, p.enable_status FROM tb_local_auth l LEFT JOIN tb_person_info p ON l.local_auth_id = p.local_auth_id WHERE l.username = ? AND l.password = ? 
2020-04-19 13:26:07.644 [main] DEBUG c.tyron.o2o.dao.LocalAuthDao.queryLocalByUsernameAndPwd -==> Parameters: root(String), 123456(String)
2020-04-19 13:31:10.512 [main] DEBUG com.tyron.o2o.dao.LocalAuthDao.insertLocalAuth -==>  Preparing: INSERT INTO tb_local_auth(username,password,create_time,last_edit_time) VALUES (?,?,?,?) 
2020-04-19 13:31:10.556 [main] DEBUG com.tyron.o2o.dao.LocalAuthDao.insertLocalAuth -==> Parameters: root(String), 123456(String), 2020-04-19 13:31:10.119(Timestamp), null
2020-04-19 13:31:10.560 [main] DEBUG com.tyron.o2o.dao.LocalAuthDao.insertLocalAuth -<==    Updates: 1
2020-04-19 13:31:49.199 [main] DEBUG com.tyron.o2o.dao.LocalAuthDao.updateLocalAuth -==>  Preparing: update tb_local_auth SET password=?, last_edit_time=? where username=? AND password=? 
2020-04-19 13:31:49.232 [main] DEBUG com.tyron.o2o.dao.LocalAuthDao.updateLocalAuth -==> Parameters: 654321(String), 2020-04-19 13:31:48.762(Timestamp), root(String), 123456(String)
2020-04-19 13:31:49.237 [main] DEBUG com.tyron.o2o.dao.LocalAuthDao.updateLocalAuth -<==    Updates: 1
2020-04-19 13:32:38.821 [main] DEBUG c.tyron.o2o.dao.LocalAuthDao.queryLocalByUsernameAndPwd -==>  Preparing: SELECT l.local_auth_id, l.username, l.password, l.create_time, l.last_edit_time, p.user_id, p.name, p.gender, p.email, p.user_type, p.create_time, p.last_edit_time, p.enable_status FROM tb_local_auth l LEFT JOIN tb_person_info p ON l.local_auth_id = p.local_auth_id WHERE l.username = ? AND l.password = ? 
2020-04-19 13:32:38.850 [main] DEBUG c.tyron.o2o.dao.LocalAuthDao.queryLocalByUsernameAndPwd -==> Parameters: root(String), 123456(String)
2020-04-19 13:36:16.923 [main] DEBUG c.tyron.o2o.dao.LocalAuthDao.queryLocalByUsernameAndPwd -==>  Preparing: SELECT l.local_auth_id, l.username, l.password, l.create_time, l.last_edit_time, p.user_id, p.name, p.gender, p.email, p.user_type, p.create_time, p.last_edit_time, p.enable_status FROM tb_local_auth l LEFT JOIN tb_person_info p ON l.user_id = p.user_id WHERE l.username = ? AND l.password = ? 
2020-04-19 13:36:16.956 [main] DEBUG c.tyron.o2o.dao.LocalAuthDao.queryLocalByUsernameAndPwd -==> Parameters: root(String), 123456(String)
2020-04-19 13:36:16.979 [main] DEBUG c.tyron.o2o.dao.LocalAuthDao.queryLocalByUsernameAndPwd -<==      Total: 0
2020-04-19 13:37:14.439 [main] DEBUG c.tyron.o2o.dao.LocalAuthDao.queryLocalByUsernameAndPwd -==>  Preparing: SELECT l.local_auth_id, l.username, l.password, l.create_time, l.last_edit_time, p.user_id, p.name, p.gender, p.email, p.user_type, p.create_time, p.last_edit_time, p.enable_status FROM tb_local_auth l LEFT JOIN tb_person_info p ON l.user_id = p.user_id WHERE l.username = ? AND l.password = ? 
2020-04-19 13:37:14.470 [main] DEBUG c.tyron.o2o.dao.LocalAuthDao.queryLocalByUsernameAndPwd -==> Parameters: root(String), 123456(String)
2020-04-19 13:37:14.497 [main] DEBUG c.tyron.o2o.dao.LocalAuthDao.queryLocalByUsernameAndPwd -<==      Total: 0
2020-04-19 13:37:59.453 [main] DEBUG c.tyron.o2o.dao.LocalAuthDao.queryLocalByUsernameAndPwd -==>  Preparing: SELECT l.local_auth_id, l.username, l.password, l.create_time, l.last_edit_time, p.user_id, p.name, p.gender, p.email, p.user_type, p.create_time, p.last_edit_time, p.enable_status FROM tb_local_auth l LEFT JOIN tb_person_info p ON l.user_id = p.user_id WHERE l.username = ? AND l.password = ? 
2020-04-19 13:37:59.486 [main] DEBUG c.tyron.o2o.dao.LocalAuthDao.queryLocalByUsernameAndPwd -==> Parameters: root(String), 123456(String)
2020-04-19 13:37:59.508 [main] DEBUG c.tyron.o2o.dao.LocalAuthDao.queryLocalByUsernameAndPwd -<==      Total: 0
2020-04-19 13:38:14.402 [main] DEBUG com.tyron.o2o.dao.LocalAuthDao.queryLocalByLocalAuthId -==>  Preparing: SELECT l.local_auth_id, l.username, l.password, l.create_time, l.last_edit_time, p.user_id, p.local_auth_id, p.name, p.gender, p.email, p.user_type, p.create_time, p.last_edit_time, p.enable_status FROM tb_local_auth l LEFT JOIN tb_person_info p ON l.user_id = p.user_id WHERE l.local_auth_id = ? 
2020-04-19 13:38:14.438 [main] DEBUG com.tyron.o2o.dao.LocalAuthDao.queryLocalByLocalAuthId -==> Parameters: 1(Long)
2020-04-19 13:39:17.625 [main] DEBUG com.tyron.o2o.dao.LocalAuthDao.queryLocalByLocalAuthId -==>  Preparing: SELECT l.local_auth_id, l.username, l.password, l.create_time, l.last_edit_time, p.user_id, p.name, p.gender, p.email, p.user_type, p.create_time, p.last_edit_time, p.enable_status FROM tb_local_auth l LEFT JOIN tb_person_info p ON l.user_id = p.user_id WHERE l.local_auth_id = ? 
2020-04-19 13:39:17.658 [main] DEBUG com.tyron.o2o.dao.LocalAuthDao.queryLocalByLocalAuthId -==> Parameters: 1(Long)
2020-04-19 13:39:17.679 [main] DEBUG com.tyron.o2o.dao.LocalAuthDao.queryLocalByLocalAuthId -<==      Total: 0
2020-04-19 13:40:37.203 [main] DEBUG com.tyron.o2o.dao.LocalAuthDao.queryLocalByLocalAuthId -==>  Preparing: SELECT l.local_auth_id, l.username, l.password, l.create_time, l.last_edit_time, p.user_id, p.name, p.gender, p.email, p.user_type, p.create_time, p.last_edit_time, p.enable_status FROM tb_local_auth l LEFT JOIN tb_person_info p ON l.user_id = p.user_id WHERE l.local_auth_id = ? 
2020-04-19 13:40:37.233 [main] DEBUG com.tyron.o2o.dao.LocalAuthDao.queryLocalByLocalAuthId -==> Parameters: 2(Long)
2020-04-19 13:40:37.259 [main] DEBUG com.tyron.o2o.dao.LocalAuthDao.queryLocalByLocalAuthId -<==      Total: 1
2020-04-19 13:41:01.488 [main] DEBUG com.tyron.o2o.dao.LocalAuthDao.queryLocalByLocalAuthId -==>  Preparing: SELECT l.local_auth_id, l.username, l.password, l.create_time, l.last_edit_time, p.user_id, p.name, p.gender, p.email, p.user_type, p.create_time, p.last_edit_time, p.enable_status FROM tb_local_auth l LEFT JOIN tb_person_info p ON l.user_id = p.user_id WHERE l.local_auth_id = ? 
2020-04-19 13:41:01.524 [main] DEBUG com.tyron.o2o.dao.LocalAuthDao.queryLocalByLocalAuthId -==> Parameters: 2(Long)
2020-04-19 13:41:01.553 [main] DEBUG com.tyron.o2o.dao.LocalAuthDao.queryLocalByLocalAuthId -<==      Total: 1
2020-04-19 14:11:21.209 [main] DEBUG com.tyron.o2o.dao.LocalAuthDao.insertLocalAuth -==>  Preparing: INSERT INTO tb_local_auth(username,password,create_time,last_edit_time) VALUES (?,?,?,?) 
2020-04-19 14:11:21.308 [main] DEBUG com.tyron.o2o.dao.LocalAuthDao.insertLocalAuth -==> Parameters: root(String), 123456(String), 2020-04-19 14:11:20.826(Timestamp), null
2020-04-19 14:11:49.158 [main] DEBUG com.tyron.o2o.dao.LocalAuthDao.updateLocalAuth -==>  Preparing: update tb_local_auth SET password=?, last_edit_time=? where username=? AND password=? 
2020-04-19 14:11:49.192 [main] DEBUG com.tyron.o2o.dao.LocalAuthDao.updateLocalAuth -==> Parameters: 6543210(String), 2020-04-19 14:11:48.759(Timestamp), root(String), 123456(String)
2020-04-19 14:11:49.194 [main] DEBUG com.tyron.o2o.dao.LocalAuthDao.updateLocalAuth -<==    Updates: 0
2020-04-19 14:13:59.995 [main] DEBUG com.tyron.o2o.dao.LocalAuthDao.insertLocalAuth -==>  Preparing: INSERT INTO tb_local_auth(username,password,create_time,last_edit_time) VALUES (?,?,?,?) 
2020-04-19 14:14:00.042 [main] DEBUG com.tyron.o2o.dao.LocalAuthDao.insertLocalAuth -==> Parameters: root1(String), 123456(String), 2020-04-19 14:13:59.606(Timestamp), null
2020-04-19 14:14:00.095 [main] DEBUG com.tyron.o2o.dao.LocalAuthDao.insertLocalAuth -<==    Updates: 1
2020-04-19 14:14:53.727 [main] DEBUG com.tyron.o2o.dao.LocalAuthDao.updateLocalAuth -==>  Preparing: update tb_local_auth SET password=?, last_edit_time=? where username=? AND password=? 
2020-04-19 14:14:53.773 [main] DEBUG com.tyron.o2o.dao.LocalAuthDao.updateLocalAuth -==> Parameters: 6543210(String), 2020-04-19 14:14:53.326(Timestamp), root1(String), 123456(String)
2020-04-19 14:14:53.782 [main] DEBUG com.tyron.o2o.dao.LocalAuthDao.updateLocalAuth -<==    Updates: 1
2020-04-19 14:15:33.988 [main] DEBUG c.tyron.o2o.dao.LocalAuthDao.queryLocalByUsernameAndPwd -==>  Preparing: SELECT l.local_auth_id, l.username, l.password, l.create_time, l.last_edit_time, p.user_id, p.name, p.gender, p.email, p.user_type, p.create_time, p.last_edit_time, p.enable_status FROM tb_local_auth l LEFT JOIN tb_person_info p ON l.user_id = p.user_id WHERE l.username = ? AND l.password = ? 
2020-04-19 14:15:34.026 [main] DEBUG c.tyron.o2o.dao.LocalAuthDao.queryLocalByUsernameAndPwd -==> Parameters: root1(String), 123456(String)
2020-04-19 14:15:34.049 [main] DEBUG c.tyron.o2o.dao.LocalAuthDao.queryLocalByUsernameAndPwd -<==      Total: 0
2020-04-19 14:15:56.536 [main] DEBUG c.tyron.o2o.dao.LocalAuthDao.queryLocalByUsernameAndPwd -==>  Preparing: SELECT l.local_auth_id, l.username, l.password, l.create_time, l.last_edit_time, p.user_id, p.name, p.gender, p.email, p.user_type, p.create_time, p.last_edit_time, p.enable_status FROM tb_local_auth l LEFT JOIN tb_person_info p ON l.user_id = p.user_id WHERE l.username = ? AND l.password = ? 
2020-04-19 14:15:56.577 [main] DEBUG c.tyron.o2o.dao.LocalAuthDao.queryLocalByUsernameAndPwd -==> Parameters: root(String), 123456(String)
2020-04-19 14:15:56.607 [main] DEBUG c.tyron.o2o.dao.LocalAuthDao.queryLocalByUsernameAndPwd -<==      Total: 0
2020-04-19 14:16:23.012 [main] DEBUG c.tyron.o2o.dao.LocalAuthDao.queryLocalByUsernameAndPwd -==>  Preparing: SELECT l.local_auth_id, l.username, l.password, l.create_time, l.last_edit_time, p.user_id, p.name, p.gender, p.email, p.user_type, p.create_time, p.last_edit_time, p.enable_status FROM tb_local_auth l LEFT JOIN tb_person_info p ON l.user_id = p.user_id WHERE l.username = ? AND l.password = ? 
2020-04-19 14:16:23.045 [main] DEBUG c.tyron.o2o.dao.LocalAuthDao.queryLocalByUsernameAndPwd -==> Parameters: root(String), 654321(String)
2020-04-19 14:16:23.072 [main] DEBUG c.tyron.o2o.dao.LocalAuthDao.queryLocalByUsernameAndPwd -<==      Total: 1
2020-04-19 14:24:06.298 [main] DEBUG com.tyron.o2o.dao.ShopCategoryDao.selectShopCategory -==>  Preparing: select shop_category_id, shop_category_name, shop_category_desc, shop_category_img, priority, create_time, last_edit_time, parent_id from tb_shop_category WHERE parent_id is not null order by priority asc 
2020-04-19 14:24:06.338 [main] DEBUG com.tyron.o2o.dao.ShopCategoryDao.selectShopCategory -==> Parameters: 
2020-04-19 14:24:06.363 [main] DEBUG com.tyron.o2o.dao.ShopCategoryDao.selectShopCategory -<==      Total: 0
2020-04-19 14:24:06.380 [main] DEBUG com.tyron.o2o.dao.ShopCategoryDao.selectShopCategory -==>  Preparing: select shop_category_id, shop_category_name, shop_category_desc, shop_category_img, priority, create_time, last_edit_time, parent_id from tb_shop_category WHERE parent_id is not null and parent_id = ? order by priority asc 
2020-04-19 14:24:06.381 [main] DEBUG com.tyron.o2o.dao.ShopCategoryDao.selectShopCategory -==> Parameters: 1(Long)
2020-04-19 14:24:06.382 [main] DEBUG com.tyron.o2o.dao.ShopCategoryDao.selectShopCategory -<==      Total: 0
2020-04-19 14:26:33.363 [main] DEBUG com.tyron.o2o.dao.ShopCategoryDao.selectShopCategory -==>  Preparing: select shop_category_id, shop_category_name, shop_category_desc, shop_category_img, priority, create_time, last_edit_time, parent_id from tb_shop_category WHERE parent_id is not null order by priority asc 
2020-04-19 14:26:33.393 [main] DEBUG com.tyron.o2o.dao.ShopCategoryDao.selectShopCategory -==> Parameters: 
2020-04-19 14:26:33.419 [main] DEBUG com.tyron.o2o.dao.ShopCategoryDao.selectShopCategory -<==      Total: 0
2020-04-19 14:26:33.432 [main] DEBUG com.tyron.o2o.dao.ShopCategoryDao.selectShopCategory -==>  Preparing: select shop_category_id, shop_category_name, shop_category_desc, shop_category_img, priority, create_time, last_edit_time, parent_id from tb_shop_category WHERE parent_id is not null and parent_id = ? order by priority asc 
2020-04-19 14:26:33.433 [main] DEBUG com.tyron.o2o.dao.ShopCategoryDao.selectShopCategory -==> Parameters: 1(Long)
2020-04-19 14:26:33.434 [main] DEBUG com.tyron.o2o.dao.ShopCategoryDao.selectShopCategory -<==      Total: 0
2020-04-19 14:28:00.542 [main] DEBUG com.tyron.o2o.dao.ShopCategoryDao.selectShopCategory -==>  Preparing: select shop_category_id, shop_category_name, shop_category_desc, shop_category_img, priority, create_time, last_edit_time, parent_id from tb_shop_category WHERE parent_id is not null order by priority asc 
2020-04-19 14:28:00.587 [main] DEBUG com.tyron.o2o.dao.ShopCategoryDao.selectShopCategory -==> Parameters: 
2020-04-19 14:28:00.623 [main] DEBUG com.tyron.o2o.dao.ShopCategoryDao.selectShopCategory -<==      Total: 0
2020-04-19 14:28:34.744 [main] DEBUG com.tyron.o2o.dao.ShopCategoryDao.selectShopCategory -==>  Preparing: select shop_category_id, shop_category_name, shop_category_desc, shop_category_img, priority, create_time, last_edit_time, parent_id from tb_shop_category WHERE parent_id is not null order by priority asc 
2020-04-19 14:28:34.779 [main] DEBUG com.tyron.o2o.dao.ShopCategoryDao.selectShopCategory -==> Parameters: 
2020-04-19 14:28:34.803 [main] DEBUG com.tyron.o2o.dao.ShopCategoryDao.selectShopCategory -<==      Total: 0
2020-04-19 14:29:12.154 [main] DEBUG com.tyron.o2o.dao.ShopCategoryDao.selectShopCategory -==>  Preparing: select shop_category_id, shop_category_name, shop_category_desc, shop_category_img, priority, create_time, last_edit_time, parent_id from tb_shop_category WHERE parent_id is not null order by priority asc 
2020-04-19 14:29:12.190 [main] DEBUG com.tyron.o2o.dao.ShopCategoryDao.selectShopCategory -==> Parameters: 
2020-04-19 14:29:12.219 [main] DEBUG com.tyron.o2o.dao.ShopCategoryDao.selectShopCategory -<==      Total: 1
2020-04-19 14:53:57.348 [main] DEBUG com.tyron.o2o.dao.ShopDao.insertShop -==>  Preparing: insert into tb_shop(area_id,shop_category_id,owner_id,shop_name,shop_desc,shop_addr,phone, shop_img,priority,create_time,enable_status,last_edit_time,advice) value(?,?,?,?,?, ?,?,?,?,?,?,?,?) 
2020-04-19 14:53:57.386 [main] DEBUG com.tyron.o2o.dao.ShopDao.insertShop -==> Parameters: 3(Integer), 10(Long), 8(Long), test店铺Service(String), testService(String), testService(String), testService(String), testService(String), 1(Integer), 2020-04-19 14:53:57.319(Timestamp), 2(Integer), null, 审核中(String)
2020-04-19 14:56:22.078 [main] DEBUG com.tyron.o2o.dao.ShopDao.insertShop -==>  Preparing: insert into tb_shop(area_id,shop_category_id,owner_id,shop_name,shop_desc,shop_addr,phone, shop_img,priority,create_time,enable_status,last_edit_time,advice) value(?,?,?,?,?, ?,?,?,?,?,?,?,?) 
2020-04-19 14:56:22.119 [main] DEBUG com.tyron.o2o.dao.ShopDao.insertShop -==> Parameters: null, 1(Long), 9(Long), test店铺Service(String), testService(String), testService(String), testService(String), testService(String), 1(Integer), 2020-04-19 14:56:22.057(Timestamp), 2(Integer), null, 审核中(String)
2020-04-19 14:56:22.126 [main] DEBUG com.tyron.o2o.dao.ShopDao.insertShop -<==    Updates: 1
2020-04-19 14:56:22.464 [main] DEBUG com.tyron.o2o.dao.ShopDao.updateShop -==>  Preparing: update tb_shop SET shop_name = ?, shop_desc = ?, shop_addr = ?, phone = ?, shop_img = ?, priority = ?, enable_status = ?, advice = ?, shop_category_id = ?, area_id = ? where shop_id = ? 
2020-04-19 14:56:22.466 [main] DEBUG com.tyron.o2o.dao.ShopDao.updateShop -==> Parameters: test店铺Service(String), testService(String), testService(String), testService(String), \upload\item\shop\13\2020041914562261065.jpg(String), 1(Integer), 2(Integer), 审核中(String), 1(Long), null, 13(Long)
2020-04-19 14:56:22.472 [main] DEBUG com.tyron.o2o.dao.ShopDao.updateShop -<==    Updates: 1
2020-04-19 15:15:45.690 [main] DEBUG com.tyron.o2o.dao.ShopDao.selectByShopId -==>  Preparing: SELECT s.shop_id, s.shop_name, s.shop_desc, s.shop_addr, s.phone, s.shop_img, s.priority, s.create_time, s.last_edit_time, s.enable_status, s.advice, a.area_id, a.area_name, sc.shop_category_id, sc.shop_category_name FROM tb_shop s, tb_area a, tb_shop_category sc WHERE s.area_id = a.area_id AND s.shop_category_id = sc.shop_category_id AND s.shop_id = ? 
2020-04-19 15:15:45.777 [main] DEBUG com.tyron.o2o.dao.ShopDao.selectByShopId -==> Parameters: 1(Long)
2020-04-19 15:15:45.817 [main] DEBUG com.tyron.o2o.dao.ShopDao.selectByShopId -<==      Total: 0
2020-04-19 15:16:29.626 [main] DEBUG com.tyron.o2o.dao.ShopDao.selectByShopId -==>  Preparing: SELECT s.shop_id, s.shop_name, s.shop_desc, s.shop_addr, s.phone, s.shop_img, s.priority, s.create_time, s.last_edit_time, s.enable_status, s.advice, a.area_id, a.area_name, sc.shop_category_id, sc.shop_category_name FROM tb_shop s, tb_area a, tb_shop_category sc WHERE s.area_id = a.area_id AND s.shop_category_id = sc.shop_category_id AND s.shop_id = ? 
2020-04-19 15:16:29.656 [main] DEBUG com.tyron.o2o.dao.ShopDao.selectByShopId -==> Parameters: 1(Long)
2020-04-19 15:16:29.685 [main] DEBUG com.tyron.o2o.dao.ShopDao.selectByShopId -<==      Total: 0
2020-04-19 15:19:10.001 [main] DEBUG com.tyron.o2o.dao.ShopDao.selectByShopId -==>  Preparing: SELECT s.shop_id, s.shop_name, s.shop_desc, s.shop_addr, s.phone, s.shop_img, s.priority, s.create_time, s.last_edit_time, s.enable_status, s.advice, a.area_id, a.area_name, sc.shop_category_id, sc.shop_category_name FROM tb_shop s, tb_area a, tb_shop_category sc WHERE s.area_id = a.area_id AND s.shop_category_id = sc.shop_category_id AND s.shop_id = ? 
2020-04-19 15:19:10.028 [main] DEBUG com.tyron.o2o.dao.ShopDao.selectByShopId -==> Parameters: 1(Long)
2020-04-19 15:19:10.057 [main] DEBUG com.tyron.o2o.dao.ShopDao.selectByShopId -<==      Total: 1
